<?xml version="1.0" encoding="UTF-8"?>
<testsuite xmlns:xsi="http://www.w3.org/2001/XMLSchema-instance" xsi:noNamespaceSchemaLocation="https://maven.apache.org/surefire/maven-surefire-plugin/xsd/surefire-test-report.xsd" name="de.limago.zeiterfassung.services.feiertage.test.FeiertagServiceImplTest" time="11.662" tests="10" errors="0" skipped="0" failures="0">
  <properties>
[...]
</properties>
  <testcase name="scenario_calculate_mobile_holidays_2018_in_Hessen" classname="de.limago.zeiterfassung.services.feiertage.test.FeiertagServiceImplTest" time="0.207"/>
  <testcase name="scenario_calculate_day_of_prayer_and_repentance_2020_in_Sachsen" classname="de.limago.zeiterfassung.services.feiertage.test.FeiertagServiceImplTest" time="0.008"/>
  <testcase name="scenario_calculate_day_of_prayer_and_repentance_2021_in_Sachsen" classname="de.limago.zeiterfassung.services.feiertage.test.FeiertagServiceImplTest" time="0.011"/>
  <testcase name="scenario_calculate_mobile_holidays_2018_in_Sachsen" classname="de.limago.zeiterfassung.services.feiertage.test.FeiertagServiceImplTest" time="0.02"/>
  <testcase name="scenario_calculate_day_of_prayer_and_repentance_2019_in_Sachsen" classname="de.limago.zeiterfassung.services.feiertage.test.FeiertagServiceImplTest" time="0.009"/>
  <testcase name="scenario_calculate_easter_2018" classname="de.limago.zeiterfassung.services.feiertage.test.FeiertagServiceImplTest" time="0.011"/>
  <testcase name="scenario_calculate_easter_2019" classname="de.limago.zeiterfassung.services.feiertage.test.FeiertagServiceImplTest" time="0.008"/>
  <testcase name="scenario_calculate_easter_2020" classname="de.limago.zeiterfassung.services.feiertage.test.FeiertagServiceImplTest" time="0.007"/>
  <testcase name="scenario_calculate_easter_2021" classname="de.limago.zeiterfassung.services.feiertage.test.FeiertagServiceImplTest" time="0.008"/>
  <testcase name="scenario_calculate_easter_2022" classname="de.limago.zeiterfassung.services.feiertage.test.FeiertagServiceImplTest" time="0.011"/>
</testsuite>